2023-04-26 15:43:29.335 [main] INFO  c.e.springsecurityjwt.SpringsecurityjwtApplication - Starting SpringsecurityjwtApplication using Java 17 on LAPTOP-VE1QMI07 with PID 27144 (E:\JavaWorkSpace\springcloud-demo\springsecurityjwt\target\classes started by 雨天留恋 in E:\JavaWorkSpace\springcloud-demo) 
2023-04-26 15:43:29.338 [main] INFO  c.e.springsecurityjwt.SpringsecurityjwtApplication - The following 1 profile is active: "test" 
2023-04-26 15:43:30.315 [main] INFO  o.s.boot.web.embedded.tomcat.TomcatWebServer - Tomcat initialized with port(s): 8081 (http) 
2023-04-26 15:43:30.321 [main] INFO  org.apache.coyote.http11.Http11NioProtocol - Initializing ProtocolHandler ["http-nio-8081"] 
2023-04-26 15:43:30.321 [main] INFO  org.apache.catalina.core.StandardService - Starting service [Tomcat] 
2023-04-26 15:43:30.321 [main] INFO  org.apache.catalina.core.StandardEngine - Starting Servlet engine: [Apache Tomcat/9.0.68] 
2023-04-26 15:43:30.399 [main] INFO  o.a.c.core.ContainerBase.[Tomcat].[localhost].[/] - Initializing Spring embedded WebApplicationContext 
2023-04-26 15:43:30.399 [main] INFO  o.s.b.w.s.c.ServletWebServerApplicationContext - Root WebApplicationContext: initialization completed in 1022 ms 
2023-04-26 15:43:30.462 [main] INFO  c.a.d.s.b.a.DruidDataSourceAutoConfigure - Init DruidDataSource 
2023-04-26 15:43:35.937 [main] INFO  com.alibaba.druid.pool.DruidDataSource - {dataSource-1} inited 
2023-04-26 15:43:36.585 [main] INFO  o.s.security.web.DefaultSecurityFilterChain - Will secure any request with [org.springframework.security.web.session.DisableEncodeUrlFilter@2a5efbb9, org.springframework.security.web.context.request.async.WebAsyncManagerIntegrationFilter@43b45ce4, org.springframework.security.web.context.SecurityContextPersistenceFilter@36eb8e07, org.springframework.security.web.header.HeaderWriterFilter@5a58db42, org.springframework.security.web.csrf.CsrfFilter@53c40ed6, org.springframework.security.web.authentication.logout.LogoutFilter@6821c63c, org.springframework.security.web.authentication.UsernamePasswordAuthenticationFilter@7cbede2b, org.springframework.security.web.authentication.ui.DefaultLoginPageGeneratingFilter@146db8a6, org.springframework.security.web.authentication.ui.DefaultLogoutPageGeneratingFilter@73e93c3a, org.springframework.security.web.authentication.www.BasicAuthenticationFilter@5751e53e, org.springframework.security.web.savedrequest.RequestCacheAwareFilter@1b5f960a, org.springframework.security.web.servletapi.SecurityContextHolderAwareRequestFilter@53ddabc6, org.springframework.security.web.authentication.AnonymousAuthenticationFilter@1835b783, org.springframework.security.web.session.SessionManagementFilter@69ac5752, org.springframework.security.web.access.ExceptionTranslationFilter@2ae5580, org.springframework.security.web.access.intercept.FilterSecurityInterceptor@14c5283] 
2023-04-26 15:43:36.621 [main] INFO  org.apache.coyote.http11.Http11NioProtocol - Starting ProtocolHandler ["http-nio-8081"] 
2023-04-26 15:43:36.635 [main] INFO  o.s.boot.web.embedded.tomcat.TomcatWebServer - Tomcat started on port(s): 8081 (http) with context path '' 
2023-04-26 15:43:36.779 [main] INFO  c.e.springsecurityjwt.SpringsecurityjwtApplication - Started SpringsecurityjwtApplication in 7.871 seconds (JVM running for 8.46) 
2023-04-26 15:43:37.851 [http-nio-8081-exec-1] INFO  o.a.c.core.ContainerBase.[Tomcat].[localhost].[/] - Initializing Spring DispatcherServlet 'dispatcherServlet' 
2023-04-26 15:43:37.851 [http-nio-8081-exec-1] INFO  org.springframework.web.servlet.DispatcherServlet - Initializing Servlet 'dispatcherServlet' 
2023-04-26 15:43:37.853 [http-nio-8081-exec-1] INFO  org.springframework.web.servlet.DispatcherServlet - Completed initialization in 2 ms 
2023-04-26 15:44:14.219 [http-nio-8081-exec-5] WARN  c.b.m.core.toolkit.support.ReflectLambdaMeta - Unable to make field private final java.lang.Class java.lang.invoke.SerializedLambda.capturingClass accessible: module java.base does not "opens java.lang.invoke" to unnamed module @3bb9a3ff 
2023-04-26 15:44:14.278 [http-nio-8081-exec-5] WARN  o.s.security.crypto.bcrypt.BCryptPasswordEncoder - Encoded password does not look like BCrypt 
2023-04-26 15:45:52.937 [SpringApplicationShutdownHook] INFO  com.alibaba.druid.pool.DruidDataSource - {dataSource-1} closing ... 
2023-04-26 15:45:53.440 [SpringApplicationShutdownHook] INFO  com.alibaba.druid.pool.DruidDataSource - {dataSource-1} closed 
2023-04-26 15:45:59.180 [main] INFO  c.e.springsecurityjwt.SpringsecurityjwtApplication - Starting SpringsecurityjwtApplication using Java 17 on LAPTOP-VE1QMI07 with PID 14548 (E:\JavaWorkSpace\springcloud-demo\springsecurityjwt\target\classes started by 雨天留恋 in E:\JavaWorkSpace\springcloud-demo) 
2023-04-26 15:45:59.182 [main] INFO  c.e.springsecurityjwt.SpringsecurityjwtApplication - The following 1 profile is active: "test" 
2023-04-26 15:45:59.963 [main] INFO  o.s.boot.web.embedded.tomcat.TomcatWebServer - Tomcat initialized with port(s): 8081 (http) 
2023-04-26 15:45:59.968 [main] INFO  org.apache.coyote.http11.Http11NioProtocol - Initializing ProtocolHandler ["http-nio-8081"] 
2023-04-26 15:45:59.968 [main] INFO  org.apache.catalina.core.StandardService - Starting service [Tomcat] 
2023-04-26 15:45:59.969 [main] INFO  org.apache.catalina.core.StandardEngine - Starting Servlet engine: [Apache Tomcat/9.0.68] 
2023-04-26 15:46:00.052 [main] INFO  o.a.c.core.ContainerBase.[Tomcat].[localhost].[/] - Initializing Spring embedded WebApplicationContext 
2023-04-26 15:46:00.052 [main] INFO  o.s.b.w.s.c.ServletWebServerApplicationContext - Root WebApplicationContext: initialization completed in 846 ms 
2023-04-26 15:46:00.110 [main] INFO  c.a.d.s.b.a.DruidDataSourceAutoConfigure - Init DruidDataSource 
2023-04-26 15:46:05.456 [main] INFO  com.alibaba.druid.pool.DruidDataSource - {dataSource-1} inited 
2023-04-26 15:46:06.063 [main] INFO  o.s.security.web.DefaultSecurityFilterChain - Will secure any request with [org.springframework.security.web.session.DisableEncodeUrlFilter@706d2bae, org.springframework.security.web.context.request.async.WebAsyncManagerIntegrationFilter@3205610d, org.springframework.security.web.context.SecurityContextPersistenceFilter@2ae5580, org.springframework.security.web.header.HeaderWriterFilter@780a91d0, org.springframework.security.web.csrf.CsrfFilter@79e16dd9, org.springframework.security.web.authentication.logout.LogoutFilter@50ef2906, org.springframework.security.web.authentication.UsernamePasswordAuthenticationFilter@6e90cec8, org.springframework.security.web.authentication.ui.DefaultLoginPageGeneratingFilter@3df6494f, org.springframework.security.web.authentication.ui.DefaultLogoutPageGeneratingFilter@54e06788, org.springframework.security.web.authentication.www.BasicAuthenticationFilter@1ef04613, org.springframework.security.web.savedrequest.RequestCacheAwareFilter@7d82ca56, org.springframework.security.web.servletapi.SecurityContextHolderAwareRequestFilter@2aaa89c2, org.springframework.security.web.authentication.AnonymousAuthenticationFilter@4e789704, org.springframework.security.web.session.SessionManagementFilter@3387ab0, org.springframework.security.web.access.ExceptionTranslationFilter@5ea0a7a9, org.springframework.security.web.access.intercept.FilterSecurityInterceptor@32d8710a] 
2023-04-26 15:46:06.098 [main] INFO  org.apache.coyote.http11.Http11NioProtocol - Starting ProtocolHandler ["http-nio-8081"] 
2023-04-26 15:46:06.111 [main] INFO  o.s.boot.web.embedded.tomcat.TomcatWebServer - Tomcat started on port(s): 8081 (http) with context path '' 
2023-04-26 15:46:06.253 [main] INFO  c.e.springsecurityjwt.SpringsecurityjwtApplication - Started SpringsecurityjwtApplication in 7.325 seconds (JVM running for 7.738) 
2023-04-26 15:46:08.547 [http-nio-8081-exec-1] INFO  o.a.c.core.ContainerBase.[Tomcat].[localhost].[/] - Initializing Spring DispatcherServlet 'dispatcherServlet' 
2023-04-26 15:46:08.547 [http-nio-8081-exec-1] INFO  org.springframework.web.servlet.DispatcherServlet - Initializing Servlet 'dispatcherServlet' 
2023-04-26 15:46:08.548 [http-nio-8081-exec-1] INFO  org.springframework.web.servlet.DispatcherServlet - Completed initialization in 1 ms 
2023-04-26 15:46:36.985 [http-nio-8081-exec-4] WARN  c.b.m.core.toolkit.support.ReflectLambdaMeta - Unable to make field private final java.lang.Class java.lang.invoke.SerializedLambda.capturingClass accessible: module java.base does not "opens java.lang.invoke" to unnamed module @3bb9a3ff 
2023-04-26 15:46:37.064 [http-nio-8081-exec-5] WARN  org.springframework.web.servlet.PageNotFound - No mapping for GET / 
2023-04-26 15:46:37.116 [http-nio-8081-exec-5] ERROR c.e.s.config.exception.GlobalExceptionHandler - org.springframework.web.servlet.NoHandlerFoundException: No handler found for GET /
	at org.springframework.web.servlet.DispatcherServlet.noHandlerFound(DispatcherServlet.java:1286)
	at org.springframework.web.servlet.DispatcherServlet.doDispatch(DispatcherServlet.java:1049)
	at org.springframework.web.servlet.DispatcherServlet.doService(DispatcherServlet.java:964)
	at org.springframework.web.servlet.FrameworkServlet.processRequest(FrameworkServlet.java:1006)
	at org.springframework.web.servlet.FrameworkServlet.doGet(FrameworkServlet.java:898)
	at javax.servlet.http.HttpServlet.service(HttpServlet.java:670)
	at org.springframework.web.servlet.FrameworkServlet.service(FrameworkServlet.java:883)
	at javax.servlet.http.HttpServlet.service(HttpServlet.java:779)
	at org.apache.catalina.core.ApplicationFilterChain.internalDoFilter(ApplicationFilterChain.java:227)
	at org.apache.catalina.core.ApplicationFilterChain.doFilter(ApplicationFilterChain.java:162)
	at org.apache.tomcat.websocket.server.WsFilter.doFilter(WsFilter.java:53)
	at org.apache.catalina.core.ApplicationFilterChain.internalDoFilter(ApplicationFilterChain.java:189)
	at org.apache.catalina.core.ApplicationFilterChain.doFilter(ApplicationFilterChain.java:162)
	at com.example.springsecurityjwt.config.filter.AccessFilter.doFilter(AccessFilter.java:62)
	at org.apache.catalina.core.ApplicationFilterChain.internalDoFilter(ApplicationFilterChain.java:189)
	at org.apache.catalina.core.ApplicationFilterChain.doFilter(ApplicationFilterChain.java:162)
	at org.springframework.security.web.FilterChainProxy$VirtualFilterChain.doFilter(FilterChainProxy.java:337)
	at org.springframework.security.web.access.intercept.FilterSecurityInterceptor.invoke(FilterSecurityInterceptor.java:115)
	at org.springframework.security.web.access.intercept.FilterSecurityInterceptor.doFilter(FilterSecurityInterceptor.java:81)
	at org.springframework.security.web.FilterChainProxy$VirtualFilterChain.doFilter(FilterChainProxy.java:346)
	at org.springframework.security.web.access.ExceptionTranslationFilter.doFilter(ExceptionTranslationFilter.java:122)
	at org.springframework.security.web.access.ExceptionTranslationFilter.doFilter(ExceptionTranslationFilter.java:116)
	at org.springframework.security.web.FilterChainProxy$VirtualFilterChain.doFilter(FilterChainProxy.java:346)
	at org.springframework.security.web.session.SessionManagementFilter.doFilter(SessionManagementFilter.java:126)
	at org.springframework.security.web.session.SessionManagementFilter.doFilter(SessionManagementFilter.java:81)
	at org.springframework.security.web.FilterChainProxy$VirtualFilterChain.doFilter(FilterChainProxy.java:346)
	at org.springframework.security.web.authentication.AnonymousAuthenticationFilter.doFilter(AnonymousAuthenticationFilter.java:109)
	at org.springframework.security.web.FilterChainProxy$VirtualFilterChain.doFilter(FilterChainProxy.java:346)
	at org.springframework.security.web.servletapi.SecurityContextHolderAwareRequestFilter.doFilter(SecurityContextHolderAwareRequestFilter.java:149)
	at org.springframework.security.web.FilterChainProxy$VirtualFilterChain.doFilter(FilterChainProxy.java:346)
	at org.springframework.security.web.savedrequest.RequestCacheAwareFilter.doFilter(RequestCacheAwareFilter.java:63)
	at org.springframework.security.web.FilterChainProxy$VirtualFilterChain.doFilter(FilterChainProxy.java:346)
	at org.springframework.security.web.authentication.www.BasicAuthenticationFilter.doFilterInternal(BasicAuthenticationFilter.java:166)
	at org.springframework.web.filter.OncePerRequestFilter.doFilter(OncePerRequestFilter.java:117)
	at org.springframework.security.web.FilterChainProxy$VirtualFilterChain.doFilter(FilterChainProxy.java:346)
	at org.springframework.security.web.authentication.ui.DefaultLogoutPageGeneratingFilter.doFilterInternal(DefaultLogoutPageGeneratingFilter.java:58)
	at org.springframework.web.filter.OncePerRequestFilter.doFilter(OncePerRequestFilter.java:117)
	at org.springframework.security.web.FilterChainProxy$VirtualFilterChain.doFilter(FilterChainProxy.java:346)
	at org.springframework.security.web.authentication.ui.DefaultLoginPageGeneratingFilter.doFilter(DefaultLoginPageGeneratingFilter.java:237)
	at org.springframework.security.web.authentication.ui.DefaultLoginPageGeneratingFilter.doFilter(DefaultLoginPageGeneratingFilter.java:223)
	at org.springframework.security.web.FilterChainProxy$VirtualFilterChain.doFilter(FilterChainProxy.java:346)
	at org.springframework.security.web.authentication.AbstractAuthenticationProcessingFilter.doFilter(AbstractAuthenticationProcessingFilter.java:223)
	at org.springframework.security.web.authentication.AbstractAuthenticationProcessingFilter.doFilter(AbstractAuthenticationProcessingFilter.java:217)
	at org.springframework.security.web.FilterChainProxy$VirtualFilterChain.doFilter(FilterChainProxy.java:346)
	at org.springframework.security.web.authentication.logout.LogoutFilter.doFilter(LogoutFilter.java:103)
	at org.springframework.security.web.authentication.logout.LogoutFilter.doFilter(LogoutFilter.java:89)
	at org.springframework.security.web.FilterChainProxy$VirtualFilterChain.doFilter(FilterChainProxy.java:346)
	at org.springframework.security.web.csrf.CsrfFilter.doFilterInternal(CsrfFilter.java:117)
	at org.springframework.web.filter.OncePerRequestFilter.doFilter(OncePerRequestFilter.java:117)
	at org.springframework.security.web.FilterChainProxy$VirtualFilterChain.doFilter(FilterChainProxy.java:346)
	at org.springframework.security.web.header.HeaderWriterFilter.doHeadersAfter(HeaderWriterFilter.java:90)
	at org.springframework.security.web.header.HeaderWriterFilter.doFilterInternal(HeaderWriterFilter.java:75)
	at org.springframework.web.filter.OncePerRequestFilter.doFilter(OncePerRequestFilter.java:117)
	at org.springframework.security.web.FilterChainProxy$VirtualFilterChain.doFilter(FilterChainProxy.java:346)
	at org.springframework.security.web.context.SecurityContextPersistenceFilter.doFilter(SecurityContextPersistenceFilter.java:112)
	at org.springframework.security.web.context.SecurityContextPersistenceFilter.doFilter(SecurityContextPersistenceFilter.java:82)
	at org.springframework.security.web.FilterChainProxy$VirtualFilterChain.doFilter(FilterChainProxy.java:346)
	at org.springframework.security.web.context.request.async.WebAsyncManagerIntegrationFilter.doFilterInternal(WebAsyncManagerIntegrationFilter.java:55)
	at org.springframework.web.filter.OncePerRequestFilter.doFilter(OncePerRequestFilter.java:117)
	at org.springframework.security.web.FilterChainProxy$VirtualFilterChain.doFilter(FilterChainProxy.java:346)
	at org.springframework.security.web.session.DisableEncodeUrlFilter.doFilterInternal(DisableEncodeUrlFilter.java:42)
	at org.springframework.web.filter.OncePerRequestFilter.doFilter(OncePerRequestFilter.java:117)
	at org.springframework.security.web.FilterChainProxy$VirtualFilterChain.doFilter(FilterChainProxy.java:346)
	at org.springframework.security.web.FilterChainProxy.doFilterInternal(FilterChainProxy.java:221)
	at org.springframework.security.web.FilterChainProxy.doFilter(FilterChainProxy.java:186)
	at org.springframework.web.filter.DelegatingFilterProxy.invokeDelegate(DelegatingFilterProxy.java:354)
	at org.springframework.web.filter.DelegatingFilterProxy.doFilter(DelegatingFilterProxy.java:267)
	at org.apache.catalina.core.ApplicationFilterChain.internalDoFilter(ApplicationFilterChain.java:189)
	at org.apache.catalina.core.ApplicationFilterChain.doFilter(ApplicationFilterChain.java:162)
	at org.springframework.web.filter.RequestContextFilter.doFilterInternal(RequestContextFilter.java:100)
	at org.springframework.web.filter.OncePerRequestFilter.doFilter(OncePerRequestFilter.java:117)
	at org.apache.catalina.core.ApplicationFilterChain.internalDoFilter(ApplicationFilterChain.java:189)
	at org.apache.catalina.core.ApplicationFilterChain.doFilter(ApplicationFilterChain.java:162)
	at org.springframework.web.filter.FormContentFilter.doFilterInternal(FormContentFilter.java:93)
	at org.springframework.web.filter.OncePerRequestFilter.doFilter(OncePerRequestFilter.java:117)
	at org.apache.catalina.core.ApplicationFilterChain.internalDoFilter(ApplicationFilterChain.java:189)
	at org.apache.catalina.core.ApplicationFilterChain.doFilter(ApplicationFilterChain.java:162)
	at org.springframework.web.filter.CharacterEncodingFilter.doFilterInternal(CharacterEncodingFilter.java:201)
	at org.springframework.web.filter.OncePerRequestFilter.doFilter(OncePerRequestFilter.java:117)
	at org.apache.catalina.core.ApplicationFilterChain.internalDoFilter(ApplicationFilterChain.java:189)
	at org.apache.catalina.core.ApplicationFilterChain.doFilter(ApplicationFilterChain.java:162)
	at org.apache.catalina.core.StandardWrapperValve.invoke(StandardWrapperValve.java:197)
	at org.apache.catalina.core.StandardContextValve.invoke(StandardContextValve.java:97)
	at org.apache.catalina.authenticator.AuthenticatorBase.invoke(AuthenticatorBase.java:541)
	at org.apache.catalina.core.StandardHostValve.invoke(StandardHostValve.java:135)
	at org.apache.catalina.valves.ErrorReportValve.invoke(ErrorReportValve.java:92)
	at org.apache.catalina.core.StandardEngineValve.invoke(StandardEngineValve.java:78)
	at org.apache.catalina.connector.CoyoteAdapter.service(CoyoteAdapter.java:360)
	at org.apache.coyote.http11.Http11Processor.service(Http11Processor.java:399)
	at org.apache.coyote.AbstractProcessorLight.process(AbstractProcessorLight.java:65)
	at org.apache.coyote.AbstractProtocol$ConnectionHandler.process(AbstractProtocol.java:893)
	at org.apache.tomcat.util.net.NioEndpoint$SocketProcessor.doRun(NioEndpoint.java:1789)
	at org.apache.tomcat.util.net.SocketProcessorBase.run(SocketProcessorBase.java:49)
	at org.apache.tomcat.util.threads.ThreadPoolExecutor.runWorker(ThreadPoolExecutor.java:1191)
	at org.apache.tomcat.util.threads.ThreadPoolExecutor$Worker.run(ThreadPoolExecutor.java:659)
	at org.apache.tomcat.util.threads.TaskThread$WrappingRunnable.run(TaskThread.java:61)
	at java.base/java.lang.Thread.run(Thread.java:833)
 
2023-04-26 15:46:37.117 [http-nio-8081-exec-5] ERROR c.e.s.config.exception.GlobalExceptionHandler - org.springframework.web.servlet.NoHandlerFoundException: No handler found for GET /;com.example.springsecurityjwt.config.filter.AccessFilter:62 
2023-04-26 15:46:37.243 [http-nio-8081-exec-6] WARN  org.springframework.web.servlet.PageNotFound - No mapping for GET /favicon.ico 
2023-04-26 15:46:37.244 [http-nio-8081-exec-6] ERROR c.e.s.config.exception.GlobalExceptionHandler - org.springframework.web.servlet.NoHandlerFoundException: No handler found for GET /favicon.ico
	at org.springframework.web.servlet.DispatcherServlet.noHandlerFound(DispatcherServlet.java:1286)
	at org.springframework.web.servlet.DispatcherServlet.doDispatch(DispatcherServlet.java:1049)
	at org.springframework.web.servlet.DispatcherServlet.doService(DispatcherServlet.java:964)
	at org.springframework.web.servlet.FrameworkServlet.processRequest(FrameworkServlet.java:1006)
	at org.springframework.web.servlet.FrameworkServlet.doGet(FrameworkServlet.java:898)
	at javax.servlet.http.HttpServlet.service(HttpServlet.java:670)
	at org.springframework.web.servlet.FrameworkServlet.service(FrameworkServlet.java:883)
	at javax.servlet.http.HttpServlet.service(HttpServlet.java:779)
	at org.apache.catalina.core.ApplicationFilterChain.internalDoFilter(ApplicationFilterChain.java:227)
	at org.apache.catalina.core.ApplicationFilterChain.doFilter(ApplicationFilterChain.java:162)
	at org.apache.tomcat.websocket.server.WsFilter.doFilter(WsFilter.java:53)
	at org.apache.catalina.core.ApplicationFilterChain.internalDoFilter(ApplicationFilterChain.java:189)
	at org.apache.catalina.core.ApplicationFilterChain.doFilter(ApplicationFilterChain.java:162)
	at com.example.springsecurityjwt.config.filter.AccessFilter.doFilter(AccessFilter.java:62)
	at org.apache.catalina.core.ApplicationFilterChain.internalDoFilter(ApplicationFilterChain.java:189)
	at org.apache.catalina.core.ApplicationFilterChain.doFilter(ApplicationFilterChain.java:162)
	at org.springframework.security.web.FilterChainProxy$VirtualFilterChain.doFilter(FilterChainProxy.java:337)
	at org.springframework.security.web.access.intercept.FilterSecurityInterceptor.invoke(FilterSecurityInterceptor.java:115)
	at org.springframework.security.web.access.intercept.FilterSecurityInterceptor.doFilter(FilterSecurityInterceptor.java:81)
	at org.springframework.security.web.FilterChainProxy$VirtualFilterChain.doFilter(FilterChainProxy.java:346)
	at org.springframework.security.web.access.ExceptionTranslationFilter.doFilter(ExceptionTranslationFilter.java:122)
	at org.springframework.security.web.access.ExceptionTranslationFilter.doFilter(ExceptionTranslationFilter.java:116)
	at org.springframework.security.web.FilterChainProxy$VirtualFilterChain.doFilter(FilterChainProxy.java:346)
	at org.springframework.security.web.session.SessionManagementFilter.doFilter(SessionManagementFilter.java:126)
	at org.springframework.security.web.session.SessionManagementFilter.doFilter(SessionManagementFilter.java:81)
	at org.springframework.security.web.FilterChainProxy$VirtualFilterChain.doFilter(FilterChainProxy.java:346)
	at org.springframework.security.web.authentication.AnonymousAuthenticationFilter.doFilter(AnonymousAuthenticationFilter.java:109)
	at org.springframework.security.web.FilterChainProxy$VirtualFilterChain.doFilter(FilterChainProxy.java:346)
	at org.springframework.security.web.servletapi.SecurityContextHolderAwareRequestFilter.doFilter(SecurityContextHolderAwareRequestFilter.java:149)
	at org.springframework.security.web.FilterChainProxy$VirtualFilterChain.doFilter(FilterChainProxy.java:346)
	at org.springframework.security.web.savedrequest.RequestCacheAwareFilter.doFilter(RequestCacheAwareFilter.java:63)
	at org.springframework.security.web.FilterChainProxy$VirtualFilterChain.doFilter(FilterChainProxy.java:346)
	at org.springframework.security.web.authentication.www.BasicAuthenticationFilter.doFilterInternal(BasicAuthenticationFilter.java:166)
	at org.springframework.web.filter.OncePerRequestFilter.doFilter(OncePerRequestFilter.java:117)
	at org.springframework.security.web.FilterChainProxy$VirtualFilterChain.doFilter(FilterChainProxy.java:346)
	at org.springframework.security.web.authentication.ui.DefaultLogoutPageGeneratingFilter.doFilterInternal(DefaultLogoutPageGeneratingFilter.java:58)
	at org.springframework.web.filter.OncePerRequestFilter.doFilter(OncePerRequestFilter.java:117)
	at org.springframework.security.web.FilterChainProxy$VirtualFilterChain.doFilter(FilterChainProxy.java:346)
	at org.springframework.security.web.authentication.ui.DefaultLoginPageGeneratingFilter.doFilter(DefaultLoginPageGeneratingFilter.java:237)
	at org.springframework.security.web.authentication.ui.DefaultLoginPageGeneratingFilter.doFilter(DefaultLoginPageGeneratingFilter.java:223)
	at org.springframework.security.web.FilterChainProxy$VirtualFilterChain.doFilter(FilterChainProxy.java:346)
	at org.springframework.security.web.authentication.AbstractAuthenticationProcessingFilter.doFilter(AbstractAuthenticationProcessingFilter.java:223)
	at org.springframework.security.web.authentication.AbstractAuthenticationProcessingFilter.doFilter(AbstractAuthenticationProcessingFilter.java:217)
	at org.springframework.security.web.FilterChainProxy$VirtualFilterChain.doFilter(FilterChainProxy.java:346)
	at org.springframework.security.web.authentication.logout.LogoutFilter.doFilter(LogoutFilter.java:103)
	at org.springframework.security.web.authentication.logout.LogoutFilter.doFilter(LogoutFilter.java:89)
	at org.springframework.security.web.FilterChainProxy$VirtualFilterChain.doFilter(FilterChainProxy.java:346)
	at org.springframework.security.web.csrf.CsrfFilter.doFilterInternal(CsrfFilter.java:117)
	at org.springframework.web.filter.OncePerRequestFilter.doFilter(OncePerRequestFilter.java:117)
	at org.springframework.security.web.FilterChainProxy$VirtualFilterChain.doFilter(FilterChainProxy.java:346)
	at org.springframework.security.web.header.HeaderWriterFilter.doHeadersAfter(HeaderWriterFilter.java:90)
	at org.springframework.security.web.header.HeaderWriterFilter.doFilterInternal(HeaderWriterFilter.java:75)
	at org.springframework.web.filter.OncePerRequestFilter.doFilter(OncePerRequestFilter.java:117)
	at org.springframework.security.web.FilterChainProxy$VirtualFilterChain.doFilter(FilterChainProxy.java:346)
	at org.springframework.security.web.context.SecurityContextPersistenceFilter.doFilter(SecurityContextPersistenceFilter.java:112)
	at org.springframework.security.web.context.SecurityContextPersistenceFilter.doFilter(SecurityContextPersistenceFilter.java:82)
	at org.springframework.security.web.FilterChainProxy$VirtualFilterChain.doFilter(FilterChainProxy.java:346)
	at org.springframework.security.web.context.request.async.WebAsyncManagerIntegrationFilter.doFilterInternal(WebAsyncManagerIntegrationFilter.java:55)
	at org.springframework.web.filter.OncePerRequestFilter.doFilter(OncePerRequestFilter.java:117)
	at org.springframework.security.web.FilterChainProxy$VirtualFilterChain.doFilter(FilterChainProxy.java:346)
	at org.springframework.security.web.session.DisableEncodeUrlFilter.doFilterInternal(DisableEncodeUrlFilter.java:42)
	at org.springframework.web.filter.OncePerRequestFilter.doFilter(OncePerRequestFilter.java:117)
	at org.springframework.security.web.FilterChainProxy$VirtualFilterChain.doFilter(FilterChainProxy.java:346)
	at org.springframework.security.web.FilterChainProxy.doFilterInternal(FilterChainProxy.java:221)
	at org.springframework.security.web.FilterChainProxy.doFilter(FilterChainProxy.java:186)
	at org.springframework.web.filter.DelegatingFilterProxy.invokeDelegate(DelegatingFilterProxy.java:354)
	at org.springframework.web.filter.DelegatingFilterProxy.doFilter(DelegatingFilterProxy.java:267)
	at org.apache.catalina.core.ApplicationFilterChain.internalDoFilter(ApplicationFilterChain.java:189)
	at org.apache.catalina.core.ApplicationFilterChain.doFilter(ApplicationFilterChain.java:162)
	at org.springframework.web.filter.RequestContextFilter.doFilterInternal(RequestContextFilter.java:100)
	at org.springframework.web.filter.OncePerRequestFilter.doFilter(OncePerRequestFilter.java:117)
	at org.apache.catalina.core.ApplicationFilterChain.internalDoFilter(ApplicationFilterChain.java:189)
	at org.apache.catalina.core.ApplicationFilterChain.doFilter(ApplicationFilterChain.java:162)
	at org.springframework.web.filter.FormContentFilter.doFilterInternal(FormContentFilter.java:93)
	at org.springframework.web.filter.OncePerRequestFilter.doFilter(OncePerRequestFilter.java:117)
	at org.apache.catalina.core.ApplicationFilterChain.internalDoFilter(ApplicationFilterChain.java:189)
	at org.apache.catalina.core.ApplicationFilterChain.doFilter(ApplicationFilterChain.java:162)
	at org.springframework.web.filter.CharacterEncodingFilter.doFilterInternal(CharacterEncodingFilter.java:201)
	at org.springframework.web.filter.OncePerRequestFilter.doFilter(OncePerRequestFilter.java:117)
	at org.apache.catalina.core.ApplicationFilterChain.internalDoFilter(ApplicationFilterChain.java:189)
	at org.apache.catalina.core.ApplicationFilterChain.doFilter(ApplicationFilterChain.java:162)
	at org.apache.catalina.core.StandardWrapperValve.invoke(StandardWrapperValve.java:197)
	at org.apache.catalina.core.StandardContextValve.invoke(StandardContextValve.java:97)
	at org.apache.catalina.authenticator.AuthenticatorBase.invoke(AuthenticatorBase.java:541)
	at org.apache.catalina.core.StandardHostValve.invoke(StandardHostValve.java:135)
	at org.apache.catalina.valves.ErrorReportValve.invoke(ErrorReportValve.java:92)
	at org.apache.catalina.core.StandardEngineValve.invoke(StandardEngineValve.java:78)
	at org.apache.catalina.connector.CoyoteAdapter.service(CoyoteAdapter.java:360)
	at org.apache.coyote.http11.Http11Processor.service(Http11Processor.java:399)
	at org.apache.coyote.AbstractProcessorLight.process(AbstractProcessorLight.java:65)
	at org.apache.coyote.AbstractProtocol$ConnectionHandler.process(AbstractProtocol.java:893)
	at org.apache.tomcat.util.net.NioEndpoint$SocketProcessor.doRun(NioEndpoint.java:1789)
	at org.apache.tomcat.util.net.SocketProcessorBase.run(SocketProcessorBase.java:49)
	at org.apache.tomcat.util.threads.ThreadPoolExecutor.runWorker(ThreadPoolExecutor.java:1191)
	at org.apache.tomcat.util.threads.ThreadPoolExecutor$Worker.run(ThreadPoolExecutor.java:659)
	at org.apache.tomcat.util.threads.TaskThread$WrappingRunnable.run(TaskThread.java:61)
	at java.base/java.lang.Thread.run(Thread.java:833)
 
2023-04-26 15:46:37.244 [http-nio-8081-exec-6] ERROR c.e.s.config.exception.GlobalExceptionHandler - org.springframework.web.servlet.NoHandlerFoundException: No handler found for GET /favicon.ico;com.example.springsecurityjwt.config.filter.AccessFilter:62 
2023-04-26 15:52:28.315 [SpringApplicationShutdownHook] INFO  com.alibaba.druid.pool.DruidDataSource - {dataSource-1} closing ... 
2023-04-26 15:52:28.586 [SpringApplicationShutdownHook] INFO  com.alibaba.druid.pool.DruidDataSource - {dataSource-1} closed 
2023-04-26 15:52:31.407 [main] INFO  c.e.springsecurityjwt.SpringsecurityjwtApplication - Starting SpringsecurityjwtApplication using Java 17 on LAPTOP-VE1QMI07 with PID 19020 (E:\JavaWorkSpace\springcloud-demo\springsecurityjwt\target\classes started by 雨天留恋 in E:\JavaWorkSpace\springcloud-demo) 
2023-04-26 15:52:31.409 [main] INFO  c.e.springsecurityjwt.SpringsecurityjwtApplication - The following 1 profile is active: "test" 
2023-04-26 15:52:32.278 [main] INFO  o.s.boot.web.embedded.tomcat.TomcatWebServer - Tomcat initialized with port(s): 8081 (http) 
2023-04-26 15:52:32.283 [main] INFO  org.apache.coyote.http11.Http11NioProtocol - Initializing ProtocolHandler ["http-nio-8081"] 
2023-04-26 15:52:32.283 [main] INFO  org.apache.catalina.core.StandardService - Starting service [Tomcat] 
2023-04-26 15:52:32.283 [main] INFO  org.apache.catalina.core.StandardEngine - Starting Servlet engine: [Apache Tomcat/9.0.68] 
2023-04-26 15:52:32.351 [main] INFO  o.a.c.core.ContainerBase.[Tomcat].[localhost].[/] - Initializing Spring embedded WebApplicationContext 
2023-04-26 15:52:32.351 [main] INFO  o.s.b.w.s.c.ServletWebServerApplicationContext - Root WebApplicationContext: initialization completed in 908 ms 
2023-04-26 15:52:32.404 [main] INFO  c.a.d.s.b.a.DruidDataSourceAutoConfigure - Init DruidDataSource 
2023-04-26 15:52:37.773 [main] INFO  com.alibaba.druid.pool.DruidDataSource - {dataSource-1} inited 
2023-04-26 15:52:38.395 [main] INFO  o.s.security.web.DefaultSecurityFilterChain - Will secure any request with [org.springframework.security.web.session.DisableEncodeUrlFilter@69fd99c1, org.springframework.security.web.context.request.async.WebAsyncManagerIntegrationFilter@32d8710a, org.springframework.security.web.context.SecurityContextPersistenceFilter@7bdb4d69, org.springframework.security.web.header.HeaderWriterFilter@65930e02, org.springframework.security.web.csrf.CsrfFilter@637d111d, org.springframework.security.web.authentication.logout.LogoutFilter@fe13916, org.springframework.security.web.authentication.UsernamePasswordAuthenticationFilter@4ca4f762, org.springframework.security.web.authentication.ui.DefaultLoginPageGeneratingFilter@5e3405a1, org.springframework.security.web.authentication.ui.DefaultLogoutPageGeneratingFilter@180cc0df, org.springframework.security.web.authentication.www.BasicAuthenticationFilter@5ca8bd01, org.springframework.security.web.savedrequest.RequestCacheAwareFilter@361fa478, org.springframework.security.web.servletapi.SecurityContextHolderAwareRequestFilter@180f33b2, org.springframework.security.web.authentication.AnonymousAuthenticationFilter@64f33dee, org.springframework.security.web.session.SessionManagementFilter@18be3205, org.springframework.security.web.access.ExceptionTranslationFilter@25765a49, org.springframework.security.web.access.intercept.FilterSecurityInterceptor@33ccead] 
2023-04-26 15:52:38.446 [main] INFO  org.apache.coyote.http11.Http11NioProtocol - Starting ProtocolHandler ["http-nio-8081"] 
2023-04-26 15:52:38.460 [main] INFO  o.s.boot.web.embedded.tomcat.TomcatWebServer - Tomcat started on port(s): 8081 (http) with context path '' 
2023-04-26 15:52:38.619 [main] INFO  c.e.springsecurityjwt.SpringsecurityjwtApplication - Started SpringsecurityjwtApplication in 7.541 seconds (JVM running for 7.991) 
2023-04-26 15:52:43.528 [http-nio-8081-exec-1] INFO  o.a.c.core.ContainerBase.[Tomcat].[localhost].[/] - Initializing Spring DispatcherServlet 'dispatcherServlet' 
2023-04-26 15:52:43.528 [http-nio-8081-exec-1] INFO  org.springframework.web.servlet.DispatcherServlet - Initializing Servlet 'dispatcherServlet' 
2023-04-26 15:52:43.529 [http-nio-8081-exec-1] INFO  org.springframework.web.servlet.DispatcherServlet - Completed initialization in 0 ms 
2023-04-26 15:52:48.472 [http-nio-8081-exec-3] WARN  c.b.m.core.toolkit.support.ReflectLambdaMeta - Unable to make field private final java.lang.Class java.lang.invoke.SerializedLambda.capturingClass accessible: module java.base does not "opens java.lang.invoke" to unnamed module @3bb9a3ff 
2023-04-26 16:41:28.231 [SpringApplicationShutdownHook] INFO  com.alibaba.druid.pool.DruidDataSource - {dataSource-1} closing ... 
2023-04-26 16:41:28.500 [SpringApplicationShutdownHook] INFO  com.alibaba.druid.pool.DruidDataSource - {dataSource-1} closed 
2023-04-26 16:41:36.070 [main] INFO  c.e.springsecurityjwt.SpringsecurityjwtApplication - Starting SpringsecurityjwtApplication using Java 17 on LAPTOP-VE1QMI07 with PID 25344 (E:\JavaWorkSpace\springcloud-demo\springsecurityjwt\target\classes started by 雨天留恋 in E:\JavaWorkSpace\springcloud-demo) 
2023-04-26 16:41:36.072 [main] INFO  c.e.springsecurityjwt.SpringsecurityjwtApplication - The following 1 profile is active: "test" 
2023-04-26 16:41:36.945 [main] INFO  o.s.boot.web.embedded.tomcat.TomcatWebServer - Tomcat initialized with port(s): 8081 (http) 
2023-04-26 16:41:36.951 [main] INFO  org.apache.coyote.http11.Http11NioProtocol - Initializing ProtocolHandler ["http-nio-8081"] 
2023-04-26 16:41:36.952 [main] INFO  org.apache.catalina.core.StandardService - Starting service [Tomcat] 
2023-04-26 16:41:36.952 [main] INFO  org.apache.catalina.core.StandardEngine - Starting Servlet engine: [Apache Tomcat/9.0.68] 
2023-04-26 16:41:37.027 [main] INFO  o.a.c.core.ContainerBase.[Tomcat].[localhost].[/] - Initializing Spring embedded WebApplicationContext 
2023-04-26 16:41:37.028 [main] INFO  o.s.b.w.s.c.ServletWebServerApplicationContext - Root WebApplicationContext: initialization completed in 931 ms 
2023-04-26 16:41:37.085 [main] INFO  c.a.d.s.b.a.DruidDataSourceAutoConfigure - Init DruidDataSource 
2023-04-26 16:41:42.468 [main] INFO  com.alibaba.druid.pool.DruidDataSource - {dataSource-1} inited 
2023-04-26 16:41:43.097 [main] INFO  o.s.security.web.DefaultSecurityFilterChain - Will secure any request with [org.springframework.security.web.session.DisableEncodeUrlFilter@6614289a, org.springframework.security.web.context.request.async.WebAsyncManagerIntegrationFilter@4148ce43, org.springframework.security.web.context.SecurityContextPersistenceFilter@9f2fe2e, org.springframework.security.web.header.HeaderWriterFilter@53918b5e, org.springframework.security.web.authentication.logout.LogoutFilter@14ad42, org.springframework.security.web.savedrequest.RequestCacheAwareFilter@79273a4f, org.springframework.security.web.servletapi.SecurityContextHolderAwareRequestFilter@4e26987b, org.springframework.security.web.authentication.AnonymousAuthenticationFilter@46fb9581, org.springframework.security.web.session.SessionManagementFilter@4780341, org.springframework.security.web.access.ExceptionTranslationFilter@2773504f, org.springframework.security.web.access.intercept.FilterSecurityInterceptor@78861d9e] 
2023-04-26 16:41:43.483 [main] INFO  org.apache.coyote.http11.Http11NioProtocol - Starting ProtocolHandler ["http-nio-8081"] 
2023-04-26 16:41:43.498 [main] INFO  o.s.boot.web.embedded.tomcat.TomcatWebServer - Tomcat started on port(s): 8081 (http) with context path '' 
2023-04-26 16:41:43.664 [main] INFO  c.e.springsecurityjwt.SpringsecurityjwtApplication - Started SpringsecurityjwtApplication in 7.954 seconds (JVM running for 8.51) 
2023-04-26 16:41:56.257 [http-nio-8081-exec-1] INFO  o.a.c.core.ContainerBase.[Tomcat].[localhost].[/] - Initializing Spring DispatcherServlet 'dispatcherServlet' 
2023-04-26 16:41:56.257 [http-nio-8081-exec-1] INFO  org.springframework.web.servlet.DispatcherServlet - Initializing Servlet 'dispatcherServlet' 
2023-04-26 16:41:56.258 [http-nio-8081-exec-1] INFO  org.springframework.web.servlet.DispatcherServlet - Completed initialization in 1 ms 
2023-04-26 16:43:44.198 [SpringApplicationShutdownHook] INFO  com.alibaba.druid.pool.DruidDataSource - {dataSource-1} closing ... 
2023-04-26 16:43:44.697 [SpringApplicationShutdownHook] INFO  com.alibaba.druid.pool.DruidDataSource - {dataSource-1} closed 
2023-04-26 16:43:50.393 [main] INFO  c.e.springsecurityjwt.SpringsecurityjwtApplication - Starting SpringsecurityjwtApplication using Java 17 on LAPTOP-VE1QMI07 with PID 19292 (E:\JavaWorkSpace\springcloud-demo\springsecurityjwt\target\classes started by 雨天留恋 in E:\JavaWorkSpace\springcloud-demo) 
2023-04-26 16:43:50.394 [main] INFO  c.e.springsecurityjwt.SpringsecurityjwtApplication - The following 1 profile is active: "test" 
2023-04-26 16:43:51.144 [main] INFO  o.s.boot.web.embedded.tomcat.TomcatWebServer - Tomcat initialized with port(s): 8081 (http) 
2023-04-26 16:43:51.149 [main] INFO  org.apache.coyote.http11.Http11NioProtocol - Initializing ProtocolHandler ["http-nio-8081"] 
2023-04-26 16:43:51.149 [main] INFO  org.apache.catalina.core.StandardService - Starting service [Tomcat] 
2023-04-26 16:43:51.149 [main] INFO  org.apache.catalina.core.StandardEngine - Starting Servlet engine: [Apache Tomcat/9.0.68] 
2023-04-26 16:43:51.220 [main] INFO  o.a.c.core.ContainerBase.[Tomcat].[localhost].[/] - Initializing Spring embedded WebApplicationContext 
2023-04-26 16:43:51.220 [main] INFO  o.s.b.w.s.c.ServletWebServerApplicationContext - Root WebApplicationContext: initialization completed in 805 ms 
2023-04-26 16:43:51.275 [main] INFO  c.a.d.s.b.a.DruidDataSourceAutoConfigure - Init DruidDataSource 
2023-04-26 16:43:56.910 [main] INFO  com.alibaba.druid.pool.DruidDataSource - {dataSource-1} inited 
2023-04-26 16:43:57.304 [main] INFO  o.s.security.web.DefaultSecurityFilterChain - Will secure any request with [org.springframework.security.web.session.DisableEncodeUrlFilter@46d69ca4, org.springframework.security.web.context.request.async.WebAsyncManagerIntegrationFilter@5c9b5e62, org.springframework.security.web.context.SecurityContextPersistenceFilter@39342614, org.springframework.security.web.header.HeaderWriterFilter@21e39b82, org.springframework.security.web.authentication.logout.LogoutFilter@67784537, org.springframework.security.web.savedrequest.RequestCacheAwareFilter@31e3c34, org.springframework.security.web.servletapi.SecurityContextHolderAwareRequestFilter@b4d83ac, org.springframework.security.web.authentication.AnonymousAuthenticationFilter@3c826498, org.springframework.security.web.session.SessionManagementFilter@79273a4f, org.springframework.security.web.access.ExceptionTranslationFilter@5366575d, org.springframework.security.web.access.intercept.FilterSecurityInterceptor@7ccf6114] 
2023-04-26 16:43:57.517 [main] INFO  org.apache.coyote.http11.Http11NioProtocol - Starting ProtocolHandler ["http-nio-8081"] 
2023-04-26 16:43:57.531 [main] INFO  o.s.boot.web.embedded.tomcat.TomcatWebServer - Tomcat started on port(s): 8081 (http) with context path '' 
2023-04-26 16:43:57.600 [http-nio-8081-exec-1] INFO  o.a.c.core.ContainerBase.[Tomcat].[localhost].[/] - Initializing Spring DispatcherServlet 'dispatcherServlet' 
2023-04-26 16:43:57.600 [http-nio-8081-exec-1] INFO  org.springframework.web.servlet.DispatcherServlet - Initializing Servlet 'dispatcherServlet' 
2023-04-26 16:43:57.601 [http-nio-8081-exec-1] INFO  org.springframework.web.servlet.DispatcherServlet - Completed initialization in 1 ms 
2023-04-26 16:43:57.679 [main] INFO  c.e.springsecurityjwt.SpringsecurityjwtApplication - Started SpringsecurityjwtApplication in 7.517 seconds (JVM running for 7.904) 
2023-04-26 16:47:20.624 [SpringApplicationShutdownHook] INFO  com.alibaba.druid.pool.DruidDataSource - {dataSource-1} closing ... 
2023-04-26 16:47:21.158 [SpringApplicationShutdownHook] INFO  com.alibaba.druid.pool.DruidDataSource - {dataSource-1} closed 
2023-04-26 16:47:26.792 [main] INFO  c.e.springsecurityjwt.SpringsecurityjwtApplication - Starting SpringsecurityjwtApplication using Java 17 on LAPTOP-VE1QMI07 with PID 10196 (E:\JavaWorkSpace\springcloud-demo\springsecurityjwt\target\classes started by 雨天留恋 in E:\JavaWorkSpace\springcloud-demo) 
2023-04-26 16:47:26.794 [main] INFO  c.e.springsecurityjwt.SpringsecurityjwtApplication - The following 1 profile is active: "test" 
2023-04-26 16:47:27.613 [main] INFO  o.s.boot.web.embedded.tomcat.TomcatWebServer - Tomcat initialized with port(s): 8081 (http) 
2023-04-26 16:47:27.619 [main] INFO  org.apache.coyote.http11.Http11NioProtocol - Initializing ProtocolHandler ["http-nio-8081"] 
2023-04-26 16:47:27.619 [main] INFO  org.apache.catalina.core.StandardService - Starting service [Tomcat] 
2023-04-26 16:47:27.619 [main] INFO  org.apache.catalina.core.StandardEngine - Starting Servlet engine: [Apache Tomcat/9.0.68] 
2023-04-26 16:47:27.692 [main] INFO  o.a.c.core.ContainerBase.[Tomcat].[localhost].[/] - Initializing Spring embedded WebApplicationContext 
2023-04-26 16:47:27.692 [main] INFO  o.s.b.w.s.c.ServletWebServerApplicationContext - Root WebApplicationContext: initialization completed in 876 ms 
2023-04-26 16:47:27.748 [main] INFO  c.a.d.s.b.a.DruidDataSourceAutoConfigure - Init DruidDataSource 
2023-04-26 16:47:33.043 [main] INFO  com.alibaba.druid.pool.DruidDataSource - {dataSource-1} inited 
2023-04-26 16:47:33.425 [main] INFO  o.s.security.web.DefaultSecurityFilterChain - Will secure any request with [org.springframework.security.web.session.DisableEncodeUrlFilter@3df3410a, org.springframework.security.web.context.request.async.WebAsyncManagerIntegrationFilter@670c171c, org.springframework.security.web.context.SecurityContextPersistenceFilter@4780341, org.springframework.security.web.header.HeaderWriterFilter@497921d0, org.springframework.security.web.authentication.logout.LogoutFilter@1ac3a6f, org.springframework.security.web.savedrequest.RequestCacheAwareFilter@612ac38b, org.springframework.security.web.servletapi.SecurityContextHolderAwareRequestFilter@9f2fe2e, org.springframework.security.web.authentication.AnonymousAuthenticationFilter@61d42275, org.springframework.security.web.session.SessionManagementFilter@45790cb, org.springframework.security.web.access.ExceptionTranslationFilter@16ef1160, org.springframework.security.web.access.intercept.FilterSecurityInterceptor@12200670] 
2023-04-26 16:47:33.619 [main] INFO  org.apache.coyote.http11.Http11NioProtocol - Starting ProtocolHandler ["http-nio-8081"] 
2023-04-26 16:47:33.632 [main] INFO  o.s.boot.web.embedded.tomcat.TomcatWebServer - Tomcat started on port(s): 8081 (http) with context path '' 
2023-04-26 16:47:33.762 [main] INFO  c.e.springsecurityjwt.SpringsecurityjwtApplication - Started SpringsecurityjwtApplication in 7.207 seconds (JVM running for 7.616) 
2023-04-26 16:47:58.482 [http-nio-8081-exec-1] INFO  o.a.c.core.ContainerBase.[Tomcat].[localhost].[/] - Initializing Spring DispatcherServlet 'dispatcherServlet' 
2023-04-26 16:47:58.482 [http-nio-8081-exec-1] INFO  org.springframework.web.servlet.DispatcherServlet - Initializing Servlet 'dispatcherServlet' 
2023-04-26 16:47:58.483 [http-nio-8081-exec-1] INFO  org.springframework.web.servlet.DispatcherServlet - Completed initialization in 1 ms 
2023-04-26 17:23:32.308 [SpringApplicationShutdownHook] INFO  com.alibaba.druid.pool.DruidDataSource - {dataSource-1} closing ... 
2023-04-26 17:23:32.591 [SpringApplicationShutdownHook] INFO  com.alibaba.druid.pool.DruidDataSource - {dataSource-1} closed 
2023-04-26 17:23:38.410 [main] INFO  c.e.springsecurityjwt.SpringsecurityjwtApplication - Starting SpringsecurityjwtApplication using Java 17 on LAPTOP-VE1QMI07 with PID 11664 (E:\JavaWorkSpace\springcloud-demo\springsecurityjwt\target\classes started by 雨天留恋 in E:\JavaWorkSpace\springcloud-demo) 
2023-04-26 17:23:38.412 [main] INFO  c.e.springsecurityjwt.SpringsecurityjwtApplication - The following 1 profile is active: "test" 
2023-04-26 17:23:39.177 [main] INFO  o.s.boot.web.embedded.tomcat.TomcatWebServer - Tomcat initialized with port(s): 8081 (http) 
2023-04-26 17:23:39.189 [main] INFO  org.apache.coyote.http11.Http11NioProtocol - Initializing ProtocolHandler ["http-nio-8081"] 
2023-04-26 17:23:39.190 [main] INFO  org.apache.catalina.core.StandardService - Starting service [Tomcat] 
2023-04-26 17:23:39.190 [main] INFO  org.apache.catalina.core.StandardEngine - Starting Servlet engine: [Apache Tomcat/9.0.68] 
2023-04-26 17:23:39.268 [main] INFO  o.a.c.core.ContainerBase.[Tomcat].[localhost].[/] - Initializing Spring embedded WebApplicationContext 
2023-04-26 17:23:39.268 [main] INFO  o.s.b.w.s.c.ServletWebServerApplicationContext - Root WebApplicationContext: initialization completed in 835 ms 
2023-04-26 17:23:39.337 [main] INFO  c.a.d.s.b.a.DruidDataSourceAutoConfigure - Init DruidDataSource 
2023-04-26 17:23:44.753 [main] INFO  com.alibaba.druid.pool.DruidDataSource - {dataSource-1} inited 
2023-04-26 17:23:45.145 [main] INFO  o.s.security.web.DefaultSecurityFilterChain - Will secure any request with [org.springframework.security.web.session.DisableEncodeUrlFilter@7d156f8f, org.springframework.security.web.context.request.async.WebAsyncManagerIntegrationFilter@451af781, org.springframework.security.web.context.SecurityContextPersistenceFilter@14993306, org.springframework.security.web.header.HeaderWriterFilter@45790cb, org.springframework.security.web.authentication.logout.LogoutFilter@26712838, org.springframework.security.web.savedrequest.RequestCacheAwareFilter@6866e740, org.springframework.security.web.servletapi.SecurityContextHolderAwareRequestFilter@2cd5b19c, org.springframework.security.web.authentication.AnonymousAuthenticationFilter@3749c2b, org.springframework.security.web.session.SessionManagementFilter@b4d83ac, org.springframework.security.web.access.ExceptionTranslationFilter@1280bae3, org.springframework.security.web.access.intercept.FilterSecurityInterceptor@46fb9581] 
2023-04-26 17:23:45.349 [main] INFO  org.apache.coyote.http11.Http11NioProtocol - Starting ProtocolHandler ["http-nio-8081"] 
2023-04-26 17:23:45.364 [main] INFO  o.s.boot.web.embedded.tomcat.TomcatWebServer - Tomcat started on port(s): 8081 (http) with context path '' 
2023-04-26 17:23:45.499 [main] INFO  c.e.springsecurityjwt.SpringsecurityjwtApplication - Started SpringsecurityjwtApplication in 7.329 seconds (JVM running for 7.745) 
2023-04-26 17:23:45.940 [http-nio-8081-exec-1] INFO  o.a.c.core.ContainerBase.[Tomcat].[localhost].[/] - Initializing Spring DispatcherServlet 'dispatcherServlet' 
2023-04-26 17:23:45.941 [http-nio-8081-exec-1] INFO  org.springframework.web.servlet.DispatcherServlet - Initializing Servlet 'dispatcherServlet' 
2023-04-26 17:23:45.942 [http-nio-8081-exec-1] INFO  org.springframework.web.servlet.DispatcherServlet - Completed initialization in 1 ms 
2023-04-26 18:12:00.184 [SpringApplicationShutdownHook] INFO  com.alibaba.druid.pool.DruidDataSource - {dataSource-1} closing ... 
2023-04-26 18:12:00.465 [SpringApplicationShutdownHook] INFO  com.alibaba.druid.pool.DruidDataSource - {dataSource-1} closed 
2023-04-26 18:12:06.280 [main] INFO  c.e.springsecurityjwt.SpringsecurityjwtApplication - Starting SpringsecurityjwtApplication using Java 17 on LAPTOP-VE1QMI07 with PID 15304 (E:\JavaWorkSpace\springcloud-demo\springsecurityjwt\target\classes started by 雨天留恋 in E:\JavaWorkSpace\springcloud-demo) 
2023-04-26 18:12:06.281 [main] INFO  c.e.springsecurityjwt.SpringsecurityjwtApplication - The following 1 profile is active: "test" 
2023-04-26 18:12:07.190 [main] INFO  o.s.boot.web.embedded.tomcat.TomcatWebServer - Tomcat initialized with port(s): 8081 (http) 
2023-04-26 18:12:07.195 [main] INFO  org.apache.coyote.http11.Http11NioProtocol - Initializing ProtocolHandler ["http-nio-8081"] 
2023-04-26 18:12:07.195 [main] INFO  org.apache.catalina.core.StandardService - Starting service [Tomcat] 
2023-04-26 18:12:07.196 [main] INFO  org.apache.catalina.core.StandardEngine - Starting Servlet engine: [Apache Tomcat/9.0.68] 
2023-04-26 18:12:07.272 [main] INFO  o.a.c.core.ContainerBase.[Tomcat].[localhost].[/] - Initializing Spring embedded WebApplicationContext 
2023-04-26 18:12:07.272 [main] INFO  o.s.b.w.s.c.ServletWebServerApplicationContext - Root WebApplicationContext: initialization completed in 970 ms 
2023-04-26 18:12:07.341 [main] INFO  c.a.d.s.b.a.DruidDataSourceAutoConfigure - Init DruidDataSource 
2023-04-26 18:12:12.760 [main] INFO  com.alibaba.druid.pool.DruidDataSource - {dataSource-1} inited 
2023-04-26 18:12:13.169 [main] INFO  o.s.security.web.DefaultSecurityFilterChain - Will secure any request with [org.springframework.security.web.session.DisableEncodeUrlFilter@76ed7573, org.springframework.security.web.context.request.async.WebAsyncManagerIntegrationFilter@51df2a41, org.springframework.security.web.context.SecurityContextPersistenceFilter@76b642aa, org.springframework.security.web.header.HeaderWriterFilter@612ac38b, org.springframework.security.web.authentication.logout.LogoutFilter@484b5a21, com.example.springsecurityjwt.config.filter.SecurityFilter@501957bf, org.springframework.security.web.savedrequest.RequestCacheAwareFilter@286dfa20, org.springframework.security.web.servletapi.SecurityContextHolderAwareRequestFilter@1468e880, org.springframework.security.web.authentication.AnonymousAuthenticationFilter@517bdce0, org.springframework.security.web.session.SessionManagementFilter@6866e740, org.springframework.security.web.access.ExceptionTranslationFilter@73a5d86c, org.springframework.security.web.access.intercept.FilterSecurityInterceptor@3c826498] 
2023-04-26 18:12:13.378 [main] INFO  org.apache.coyote.http11.Http11NioProtocol - Starting ProtocolHandler ["http-nio-8081"] 
2023-04-26 18:12:13.393 [main] INFO  o.s.boot.web.embedded.tomcat.TomcatWebServer - Tomcat started on port(s): 8081 (http) with context path '' 
2023-04-26 18:12:13.425 [http-nio-8081-exec-1] INFO  o.a.c.core.ContainerBase.[Tomcat].[localhost].[/] - Initializing Spring DispatcherServlet 'dispatcherServlet' 
2023-04-26 18:12:13.426 [http-nio-8081-exec-1] INFO  org.springframework.web.servlet.DispatcherServlet - Initializing Servlet 'dispatcherServlet' 
2023-04-26 18:12:13.426 [http-nio-8081-exec-1] INFO  org.springframework.web.servlet.DispatcherServlet - Completed initialization in 0 ms 
2023-04-26 18:12:13.541 [main] INFO  c.e.springsecurityjwt.SpringsecurityjwtApplication - Started SpringsecurityjwtApplication in 7.504 seconds (JVM running for 7.907) 
2023-04-26 18:12:49.557 [SpringApplicationShutdownHook] INFO  com.alibaba.druid.pool.DruidDataSource - {dataSource-1} closing ... 
2023-04-26 18:12:50.065 [SpringApplicationShutdownHook] INFO  com.alibaba.druid.pool.DruidDataSource - {dataSource-1} closed 
